#
# There is insufficient memory for the Java Runtime Environment to continue.
# Native memory allocation (malloc) failed to allocate 1131696 bytes. Error detail: Chunk::new
# Possible reasons:
#   The system is out of physical RAM or swap space
#   This process is running with CompressedOops enabled, and the Java Heap may be blocking the growth of the native heap
# Possible solutions:
#   Reduce memory load on the system
#   Increase physical memory or swap space
#   Check if swap backing store is full
#   Decrease Java heap size (-Xmx/-Xms)
#   Decrease number of Java threads
#   Decrease Java thread stack sizes (-Xss)
#   Set larger code cache with -XX:ReservedCodeCacheSize=
#   JVM is running with Unscaled Compressed Oops mode in which the Java heap is
#     placed in the first 4GB address space. The Java Heap base address is the
#     maximum limit for the native heap growth. Please use -XX:HeapBaseMinAddress
#     to set the Java Heap base and to place the Java Heap above 4GB virtual address.
# This output file may be truncated or incomplete.
#
#  Out of Memory Error (arena.cpp:191), pid=11580, tid=1960
#
# JRE version: OpenJDK Runtime Environment Corretto-17.0.15.6.1 (17.0.15+6) (build 17.0.15+6-LTS)
# Java VM: OpenJDK 64-Bit Server VM Corretto-17.0.15.6.1 (17.0.15+6-LTS, mixed mode, sharing, tiered, compressed oops, compressed class ptrs, g1 gc, windows-amd64)
# No core dump will be written. Minidumps are not enabled by default on client versions of Windows
#

---------------  S U M M A R Y ------------

Command Line: -javaagent:C:\Program Files\JetBrains\IntelliJ IDEA Community Edition 2025.1.2\lib\idea_rt.jar=61357 -Dfile.encoding=UTF-8 com.blogApp.blog_app_new.BlogAppNewApplication

Host: Intel(R) Core(TM) i3-3240 CPU @ 3.40GHz, 4 cores, 3G,  Windows 10 , 64 bit Build 19041 (10.0.19041.5915)
Time: Thu Mar  5 16:09:30 2026 India Standard Time elapsed time: 16.552804 seconds (0d 0h 0m 16s)

---------------  T H R E A D  ---------------

Current thread (0x000002d2b6b553f0):  JavaThread "C2 CompilerThread0" daemon [_thread_in_native, id=1960, stack(0x000000fd69800000,0x000000fd69900000)]


Current CompileTask:
C2:  16553 5378       4       jdk.internal.org.objectweb.asm.MethodWriter::computeAllFrames (510 bytes)

Stack: [0x000000fd69800000,0x000000fd69900000]
Native frames: (J=compiled Java code, j=interpreted, Vv=VM code, C=native code)
V  [jvm.dll+0x681149]
V  [jvm.dll+0x838b5a]
V  [jvm.dll+0x83a61e]
V  [jvm.dll+0x83ac83]
V  [jvm.dll+0x24837f]
V  [jvm.dll+0xaca54]
V  [jvm.dll+0xad09c]
V  [jvm.dll+0x3679e2]
V  [jvm.dll+0x331dda]
V  [jvm.dll+0x33127a]
V  [jvm.dll+0x21a8c1]
V  [jvm.dll+0x219d01]
V  [jvm.dll+0x1a59fd]
V  [jvm.dll+0x229a5d]
V  [jvm.dll+0x227bec]
V  [jvm.dll+0x7eda37]
V  [jvm.dll+0x7e7f8c]
V  [jvm.dll+0x680017]
C  [ucrtbase.dll+0x21bb2]
C  [KERNEL32.DLL+0x17374]
C  [ntdll.dll+0x4cc91]


---------------  P R O C E S S  ---------------

Threads class SMR info:
_java_thread_list=0x000002d2feac57e0, length=19, elements={
0x000002d29b65e800, 0x000002d2b6b3b900, 0x000002d2b6b3c850, 0x000002d2b6b4f450,
0x000002d2b6b510f0, 0x000002d2b6b53c90, 0x000002d2b6b54650, 0x000002d2b6b553f0,
0x000002d2b6baff30, 0x000002d2b6bd3930, 0x000002d29b7093e0, 0x000002d2fc3956d0,
0x000002d2fc1b7fe0, 0x000002d2fd2921e0, 0x000002d2fd294f70, 0x000002d2fd293620,
0x000002d2fd294040, 0x000002d2fd294550, 0x000002d2fd295480
}

Java Threads: ( => current thread )
  0x000002d29b65e800 JavaThread "main" [_thread_in_Java, id=11604, stack(0x000000fd68b00000,0x000000fd68c00000)]
  0x000002d2b6b3b900 JavaThread "Reference Handler" daemon [_thread_blocked, id=9420, stack(0x000000fd69200000,0x000000fd69300000)]
  0x000002d2b6b3c850 JavaThread "Finalizer" daemon [_thread_blocked, id=12380, stack(0x000000fd69300000,0x000000fd69400000)]
  0x000002d2b6b4f450 JavaThread "Signal Dispatcher" daemon [_thread_blocked, id=7104, stack(0x000000fd69400000,0x000000fd69500000)]
  0x000002d2b6b510f0 JavaThread "Attach Listener" daemon [_thread_blocked, id=14748, stack(0x000000fd69500000,0x000000fd69600000)]
  0x000002d2b6b53c90 JavaThread "Service Thread" daemon [_thread_blocked, id=3492, stack(0x000000fd69600000,0x000000fd69700000)]
  0x000002d2b6b54650 JavaThread "Monitor Deflation Thread" daemon [_thread_blocked, id=9644, stack(0x000000fd69700000,0x000000fd69800000)]
=>0x000002d2b6b553f0 JavaThread "C2 CompilerThread0" daemon [_thread_in_native, id=1960, stack(0x000000fd69800000,0x000000fd69900000)]
  0x000002d2b6baff30 JavaThread "C1 CompilerThread0" daemon [_thread_blocked, id=5448, stack(0x000000fd69900000,0x000000fd69a00000)]
  0x000002d2b6bd3930 JavaThread "Sweeper thread" daemon [_thread_blocked, id=9100, stack(0x000000fd69a00000,0x000000fd69b00000)]
  0x000002d29b7093e0 JavaThread "Common-Cleaner" daemon [_thread_blocked, id=7016, stack(0x000000fd69b00000,0x000000fd69c00000)]
  0x000002d2fc3956d0 JavaThread "Monitor Ctrl-Break" daemon [_thread_in_native, id=11356, stack(0x000000fd69c00000,0x000000fd69d00000)]
  0x000002d2fc1b7fe0 JavaThread "Notification Thread" daemon [_thread_blocked, id=11812, stack(0x000000fd69d00000,0x000000fd69e00000)]
  0x000002d2fd2921e0 JavaThread "Catalina-utility-1" [_thread_blocked, id=13140, stack(0x000000fd6a200000,0x000000fd6a300000)]
  0x000002d2fd294f70 JavaThread "Catalina-utility-2" [_thread_blocked, id=14232, stack(0x000000fd6a300000,0x000000fd6a400000)]
  0x000002d2fd293620 JavaThread "container-0" [_thread_blocked, id=10268, stack(0x000000fd6a400000,0x000000fd6a500000)]
  0x000002d2fd294040 JavaThread "mysql-cj-abandoned-connection-cleanup" daemon [_thread_blocked, id=1232, stack(0x000000fd6a500000,0x000000fd6a600000)]
  0x000002d2fd294550 JavaThread "HikariPool-1:housekeeper" daemon [_thread_blocked, id=14724, stack(0x000000fd6a700000,0x000000fd6a800000)]
  0x000002d2fd295480 JavaThread "HikariPool-1:connection-adder" daemon [_thread_blocked, id=13152, stack(0x000000fd6a800000,0x000000fd6a900000)]

Other Threads:
  0x000002d2b6b378e0 VMThread "VM Thread" [stack: 0x000000fd69100000,0x000000fd69200000] [id=9512]
  0x000002d29b65f7c0 WatcherThread [stack: 0x000000fd69e00000,0x000000fd69f00000] [id=6944]
  0x000002d29b69ac20 GCTaskThread "GC Thread#0" [stack: 0x000000fd68c00000,0x000000fd68d00000] [id=10804]
  0x000002d2fc9ba530 GCTaskThread "GC Thread#1" [stack: 0x000000fd69f00000,0x000000fd6a000000] [id=1804]
  0x000002d2fc5fe1a0 GCTaskThread "GC Thread#2" [stack: 0x000000fd6a000000,0x000000fd6a100000] [id=12376]
  0x000002d2fc9bb000 GCTaskThread "GC Thread#3" [stack: 0x000000fd6a100000,0x000000fd6a200000] [id=14348]
  0x000002d29b6a3830 ConcurrentGCThread "G1 Main Marker" [stack: 0x000000fd68d00000,0x000000fd68e00000] [id=8008]
  0x000002d29b6a4b90 ConcurrentGCThread "G1 Conc#0" [stack: 0x000000fd68e00000,0x000000fd68f00000] [id=1272]
  0x000002d29b6f66e0 ConcurrentGCThread "G1 Refine#0" [stack: 0x000000fd68f00000,0x000000fd69000000] [id=12564]
  0x000002d29b6f7110 ConcurrentGCThread "G1 Service" [stack: 0x000000fd69000000,0x000000fd69100000] [id=9624]

Threads with active compile tasks:
C2 CompilerThread0    16657 5378       4       jdk.internal.org.objectweb.asm.MethodWriter::computeAllFrames (510 bytes)

VM state: not at safepoint (normal execution)

VM Mutex/Monitor currently owned by a thread: None

Heap address: 0x00000000c1a00000, size: 998 MB, Compressed Oops mode: 32-bit

CDS archive(s) mapped at: [0x000002d2b7000000-0x000002d2b7bb0000-0x000002d2b7bb0000), size 12255232, SharedBaseAddress: 0x000002d2b7000000, ArchiveRelocationMode: 1.
Compressed class space mapped at: 0x000002d2b8000000-0x000002d2f8000000, reserved size: 1073741824
Narrow klass base: 0x000002d2b7000000, Narrow klass shift: 0, Narrow klass range: 0x100000000

GC Precious Log:
 CPUs: 4 total, 4 available
 Memory: 3989M
 Large Page Support: Disabled
 NUMA Support: Disabled
 Compressed Oops: Enabled (32-bit)
 Heap Region Size: 1M
 Heap Min Capacity: 8M
 Heap Initial Capacity: 64M
 Heap Max Capacity: 998M
 Pre-touch: Disabled
 Parallel Workers: 4
 Concurrent Workers: 1
 Concurrent Refinement Workers: 4
 Periodic GC: Disabled

Heap:
 garbage-first heap   total 61440K, used 27559K [0x00000000c1a00000, 0x0000000100000000)
  region size 1024K, 5 young (5120K), 4 survivors (4096K)
 Metaspace       used 60076K, committed 60544K, reserved 1114112K
  class space    used 8143K, committed 8384K, reserved 1048576K

Heap Regions: E=young(eden), S=young(survivor), O=old, HS=humongous(starts), HC=humongous(continues), CS=collection set, F=free, OA=open archive, CA=closed archive, TAMS=top-at-mark-start (previous, next)
|   0|0x00000000c1a00000, 0x00000000c1b00000, 0x00000000c1b00000|100%|HS|  |TAMS 0x00000000c1b00000, 0x00000000c1b00000| Complete 
|   1|0x00000000c1b00000, 0x00000000c1c00000, 0x00000000c1c00000|100%|HS|  |TAMS 0x00000000c1c00000, 0x00000000c1c00000| Complete 
|   2|0x00000000c1c00000, 0x00000000c1d00000, 0x00000000c1d00000|100%| O|  |TAMS 0x00000000c1d00000, 0x00000000c1d00000| Untracked 
|   3|0x00000000c1d00000, 0x00000000c1e00000, 0x00000000c1e00000|100%| O|  |TAMS 0x00000000c1e00000, 0x00000000c1e00000| Untracked 
|   4|0x00000000c1e00000, 0x00000000c1f00000, 0x00000000c1f00000|100%| O|  |TAMS 0x00000000c1f00000, 0x00000000c1f00000| Untracked 
|   5|0x00000000c1f00000, 0x00000000c2000000, 0x00000000c2000000|100%| O|  |TAMS 0x00000000c2000000, 0x00000000c2000000| Untracked 
|   6|0x00000000c2000000, 0x00000000c2100000, 0x00000000c2100000|100%| O|  |TAMS 0x00000000c2100000, 0x00000000c2100000| Untracked 
|   7|0x00000000c2100000, 0x00000000c2200000, 0x00000000c2200000|100%| O|  |TAMS 0x00000000c2200000, 0x00000000c2200000| Untracked 
|   8|0x00000000c2200000, 0x00000000c2300000, 0x00000000c2300000|100%| O|  |TAMS 0x00000000c2300000, 0x00000000c2300000| Untracked 
|   9|0x00000000c2300000, 0x00000000c2400000, 0x00000000c2400000|100%| O|  |TAMS 0x00000000c2400000, 0x00000000c2400000| Untracked 
|  10|0x00000000c2400000, 0x00000000c2500000, 0x00000000c2500000|100%| O|  |TAMS 0x00000000c2500000, 0x00000000c2500000| Untracked 
|  11|0x00000000c2500000, 0x00000000c2600000, 0x00000000c2600000|100%| O|  |TAMS 0x00000000c2600000, 0x00000000c2600000| Untracked 
|  12|0x00000000c2600000, 0x00000000c2700000, 0x00000000c2700000|100%| O|  |TAMS 0x00000000c2700000, 0x00000000c2700000| Untracked 
|  13|0x00000000c2700000, 0x00000000c2800000, 0x00000000c2800000|100%| O|  |TAMS 0x00000000c2800000, 0x00000000c2800000| Untracked 
|  14|0x00000000c2800000, 0x00000000c2800000, 0x00000000c2900000|  0%| F|  |TAMS 0x00000000c2800000, 0x00000000c2800000| Untracked 
|  15|0x00000000c2900000, 0x00000000c2a00000, 0x00000000c2a00000|100%| O|  |TAMS 0x00000000c2900000, 0x00000000c2a00000| Untracked 
|  16|0x00000000c2a00000, 0x00000000c2b00000, 0x00000000c2b00000|100%| O|  |TAMS 0x00000000c2b00000, 0x00000000c2b00000| Untracked 
|  17|0x00000000c2b00000, 0x00000000c2c00000, 0x00000000c2c00000|100%| O|  |TAMS 0x00000000c2c00000, 0x00000000c2c00000| Untracked 
|  18|0x00000000c2c00000, 0x00000000c2d00000, 0x00000000c2d00000|100%| O|  |TAMS 0x00000000c2d00000, 0x00000000c2d00000| Untracked 
|  19|0x00000000c2d00000, 0x00000000c2e00000, 0x00000000c2e00000|100%| O|  |TAMS 0x00000000c2d42200, 0x00000000c2e00000| Untracked 
|  20|0x00000000c2e00000, 0x00000000c2f00000, 0x00000000c2f00000|100%| O|  |TAMS 0x00000000c2e00000, 0x00000000c2f00000| Untracked 
|  21|0x00000000c2f00000, 0x00000000c3000000, 0x00000000c3000000|100%| O|  |TAMS 0x00000000c2f00000, 0x00000000c3000000| Untracked 
|  22|0x00000000c3000000, 0x00000000c3100000, 0x00000000c3100000|100%| O|  |TAMS 0x00000000c3000000, 0x00000000c3100000| Untracked 
|  23|0x00000000c3100000, 0x00000000c3200000, 0x00000000c3200000|100%| O|  |TAMS 0x00000000c3100000, 0x00000000c3200000| Untracked 
|  24|0x00000000c3200000, 0x00000000c32a8000, 0x00000000c3300000| 65%| O|  |TAMS 0x00000000c3200000, 0x00000000c3290000| Untracked 
|  25|0x00000000c3300000, 0x00000000c3300000, 0x00000000c3400000|  0%| F|  |TAMS 0x00000000c3300000, 0x00000000c3300000| Untracked 
|  26|0x00000000c3400000, 0x00000000c3400000, 0x00000000c3500000|  0%| F|  |TAMS 0x00000000c3400000, 0x00000000c3400000| Untracked 
|  27|0x00000000c3500000, 0x00000000c3500000, 0x00000000c3600000|  0%| F|  |TAMS 0x00000000c3500000, 0x00000000c3500000| Untracked 
|  28|0x00000000c3600000, 0x00000000c3600000, 0x00000000c3700000|  0%| F|  |TAMS 0x00000000c3600000, 0x00000000c3600000| Untracked 
|  29|0x00000000c3700000, 0x00000000c3700000, 0x00000000c3800000|  0%| F|  |TAMS 0x00000000c3700000, 0x00000000c3700000| Untracked 
|  30|0x00000000c3800000, 0x00000000c3800000, 0x00000000c3900000|  0%| F|  |TAMS 0x00000000c3800000, 0x00000000c3800000| Untracked 
|  31|0x00000000c3900000, 0x00000000c3900000, 0x00000000c3a00000|  0%| F|  |TAMS 0x00000000c3900000, 0x00000000c3900000| Untracked 
|  32|0x00000000c3a00000, 0x00000000c3a00000, 0x00000000c3b00000|  0%| F|  |TAMS 0x00000000c3a00000, 0x00000000c3a00000| Untracked 
|  33|0x00000000c3b00000, 0x00000000c3b00000, 0x00000000c3c00000|  0%| F|  |TAMS 0x00000000c3b00000, 0x00000000c3b00000| Untracked 
|  34|0x00000000c3c00000, 0x00000000c3c00000, 0x00000000c3d00000|  0%| F|  |TAMS 0x00000000c3c00000, 0x00000000c3c00000| Untracked 
|  35|0x00000000c3d00000, 0x00000000c3d00000, 0x00000000c3e00000|  0%| F|  |TAMS 0x00000000c3d00000, 0x00000000c3d00000| Untracked 
|  36|0x00000000c3e00000, 0x00000000c3e00000, 0x00000000c3f00000|  0%| F|  |TAMS 0x00000000c3e00000, 0x00000000c3e00000| Untracked 
|  37|0x00000000c3f00000, 0x00000000c3f00000, 0x00000000c4000000|  0%| F|  |TAMS 0x00000000c3f00000, 0x00000000c3f00000| Untracked 
|  38|0x00000000c4000000, 0x00000000c4000000, 0x00000000c4100000|  0%| F|  |TAMS 0x00000000c4000000, 0x00000000c4000000| Untracked 
|  39|0x00000000c4100000, 0x00000000c4100000, 0x00000000c4200000|  0%| F|  |TAMS 0x00000000c4100000, 0x00000000c4100000| Untracked 
|  40|0x00000000c4200000, 0x00000000c4200000, 0x00000000c4300000|  0%| F|  |TAMS 0x00000000c4200000, 0x00000000c4200000| Untracked 
|  41|0x00000000c4300000, 0x00000000c4300000, 0x00000000c4400000|  0%| F|  |TAMS 0x00000000c4300000, 0x00000000c4300000| Untracked 
|  42|0x00000000c4400000, 0x00000000c4441dc0, 0x00000000c4500000| 25%| S|CS|TAMS 0x00000000c4400000, 0x00000000c4400000| Complete 
|  43|0x00000000c4500000, 0x00000000c4600000, 0x00000000c4600000|100%| S|CS|TAMS 0x00000000c4500000, 0x00000000c4500000| Complete 
|  44|0x00000000c4600000, 0x00000000c4700000, 0x00000000c4700000|100%| S|CS|TAMS 0x00000000c4600000, 0x00000000c4600000| Complete 
|  45|0x00000000c4700000, 0x00000000c4800000, 0x00000000c4800000|100%| S|CS|TAMS 0x00000000c4700000, 0x00000000c4700000| Complete 
|  46|0x00000000c4800000, 0x00000000c4800000, 0x00000000c4900000|  0%| F|  |TAMS 0x00000000c4800000, 0x00000000c4800000| Untracked 
|  47|0x00000000c4900000, 0x00000000c4900000, 0x00000000c4a00000|  0%| F|  |TAMS 0x00000000c4900000, 0x00000000c4900000| Untracked 
|  48|0x00000000c4a00000, 0x00000000c4a00000, 0x00000000c4b00000|  0%| F|  |TAMS 0x00000000c4a00000, 0x00000000c4a00000| Untracked 
|  49|0x00000000c4b00000, 0x00000000c4b00000, 0x00000000c4c00000|  0%| F|  |TAMS 0x00000000c4b00000, 0x00000000c4b00000| Untracked 
|  50|0x00000000c4c00000, 0x00000000c4c00000, 0x00000000c4d00000|  0%| F|  |TAMS 0x00000000c4c00000, 0x00000000c4c00000| Untracked 
|  51|0x00000000c4d00000, 0x00000000c4d00000, 0x00000000c4e00000|  0%| F|  |TAMS 0x00000000c4d00000, 0x00000000c4d00000| Untracked 
|  52|0x00000000c4e00000, 0x00000000c4e00000, 0x00000000c4f00000|  0%| F|  |TAMS 0x00000000c4e00000, 0x00000000c4e00000| Untracked 
|  53|0x00000000c4f00000, 0x00000000c4f00000, 0x00000000c5000000|  0%| F|  |TAMS 0x00000000c4f00000, 0x00000000c4f00000| Untracked 
|  54|0x00000000c5000000, 0x00000000c5000000, 0x00000000c5100000|  0%| F|  |TAMS 0x00000000c5000000, 0x00000000c5000000| Untracked 
|  55|0x00000000c5100000, 0x00000000c5100000, 0x00000000c5200000|  0%| F|  |TAMS 0x00000000c5100000, 0x00000000c5100000| Untracked 
|  56|0x00000000c5200000, 0x00000000c5200000, 0x00000000c5300000|  0%| F|  |TAMS 0x00000000c5200000, 0x00000000c5200000| Untracked 
|  57|0x00000000c5300000, 0x00000000c5300000, 0x00000000c5400000|  0%| F|  |TAMS 0x00000000c5300000, 0x00000000c5300000| Untracked 
|  62|0x00000000c5800000, 0x00000000c5800000, 0x00000000c5900000|  0%| F|  |TAMS 0x00000000c5800000, 0x00000000c5800000| Untracked 
|  76|0x00000000c6600000, 0x00000000c6666218, 0x00000000c6700000| 39%| E|  |TAMS 0x00000000c6600000, 0x00000000c6600000| Complete 

Card table byte_map: [0x000002d2b23a0000,0x000002d2b25a0000] _byte_map_base: 0x000002d2b1d93000

Marking Bits (Prev, Next): (CMBitMap*) 0x000002d29b69b240, (CMBitMap*) 0x000002d29b69b280
 Prev Bits: [0x000002d2b27a0000, 0x000002d2b3738000)
 Next Bits: [0x000002d2b3740000, 0x000002d2b46d8000)

Polling page: 0x000002d299580000

Metaspace:

Usage:
  Non-class:     50.72 MB used.
      Class:      7.95 MB used.
       Both:     58.67 MB used.

Virtual space:
  Non-class space:       64.00 MB reserved,      50.94 MB ( 80%) committed,  1 nodes.
      Class space:        1.00 GB reserved,       8.19 MB ( <1%) committed,  1 nodes.
             Both:        1.06 GB reserved,      59.12 MB (  5%) committed. 

Chunk freelists:
   Non-Class:  12.31 MB
       Class:  7.84 MB
        Both:  20.16 MB

MaxMetaspaceSize: unlimited
CompressedClassSpaceSize: 1.00 GB
Initial GC threshold: 21.00 MB
Current GC threshold: 59.38 MB
CDS: on
MetaspaceReclaimPolicy: balanced
 - commit_granule_bytes: 65536.
 - commit_granule_words: 8192.
 - virtual_space_node_default_size: 8388608.
 - enlarge_chunks_in_place: 1.
 - new_chunks_are_fully_committed: 0.
 - uncommit_free_chunks: 1.
 - use_allocation_guard: 0.
 - handle_deallocations: 1.


Internal statistics:

num_allocs_failed_limit: 9.
num_arena_births: 678.
num_arena_deaths: 0.
num_vsnodes_births: 2.
num_vsnodes_deaths: 0.
num_space_committed: 946.
num_space_uncommitted: 0.
num_chunks_returned_to_freelist: 9.
num_chunks_taken_from_freelist: 2772.
num_chunk_merges: 9.
num_chunk_splits: 2014.
num_chunks_enlarged: 1590.
num_inconsistent_stats: 0.

CodeHeap 'non-profiled nmethods': size=120000Kb used=2218Kb max_used=2756Kb free=117782Kb
 bounds [0x000002d2aac70000, 0x000002d2aaf30000, 0x000002d2b21a0000]
CodeHeap 'profiled nmethods': size=120000Kb used=8279Kb max_used=10709Kb free=111720Kb
 bounds [0x000002d2a31a0000, 0x000002d2a3c30000, 0x000002d2aa6d0000]
CodeHeap 'non-nmethods': size=5760Kb used=1336Kb max_used=1363Kb free=4423Kb
 bounds [0x000002d2aa6d0000, 0x000002d2aa940000, 0x000002d2aac70000]
 total_blobs=5179 nmethods=4516 adapters=575
 compilation: enabled
              stopped_count=0, restarted_count=0
 full_count=0

Compilation events (20 events):
Event: 16.509 Thread 0x000002d2b6baff30 5431       2       sun.reflect.generics.parser.SignatureParser::parseIdentifier (13 bytes)
Event: 16.509 Thread 0x000002d2b6baff30 nmethod 5431 0x000002d2a31bec10 code [0x000002d2a31bedc0, 0x000002d2a31bef18]
Event: 16.509 Thread 0x000002d2b6baff30 5432       2       org.springframework.core.ResolvableType::forMethodParameter (9 bytes)
Event: 16.510 Thread 0x000002d2b6baff30 nmethod 5432 0x000002d2a32cf290 code [0x000002d2a32cf440, 0x000002d2a32cf618]
Event: 16.510 Thread 0x000002d2b6baff30 5433       2       org.springframework.core.ResolvableType::forMethodParameter (17 bytes)
Event: 16.510 Thread 0x000002d2b6baff30 nmethod 5433 0x000002d2a330dd90 code [0x000002d2a330df40, 0x000002d2a330e118]
Event: 16.510 Thread 0x000002d2b6baff30 5434       2       org.springframework.core.ResolvableType::<init> (39 bytes)
Event: 16.510 Thread 0x000002d2b6baff30 nmethod 5434 0x000002d2a327ce90 code [0x000002d2a327d040, 0x000002d2a327d368]
Event: 16.510 Thread 0x000002d2b6baff30 5436   !   2       jdk.internal.reflect.GeneratedMethodAccessor1::invoke (63 bytes)
Event: 16.511 Thread 0x000002d2b6baff30 nmethod 5436 0x000002d2a330ec90 code [0x000002d2a330eea0, 0x000002d2a330f378]
Event: 16.511 Thread 0x000002d2b6baff30 5435       2       sun.reflect.generics.repository.AbstractRepository::<init> (19 bytes)
Event: 16.511 Thread 0x000002d2b6baff30 nmethod 5435 0x000002d2a31c9590 code [0x000002d2a31c9740, 0x000002d2a31c9948]
Event: 16.516 Thread 0x000002d2b6baff30 5437       3       org.springframework.util.ReflectionUtils::isEqualsMethod (42 bytes)
Event: 16.517 Thread 0x000002d2b6baff30 nmethod 5437 0x000002d2a326d710 code [0x000002d2a326d900, 0x000002d2a326de18]
Event: 16.517 Thread 0x000002d2b6baff30 5438       3       org.springframework.transaction.interceptor.AbstractFallbackTransactionAttributeSource::computeTransactionAttribute (123 bytes)
Event: 16.519 Thread 0x000002d2b6baff30 nmethod 5438 0x000002d2a34aef90 code [0x000002d2a34af340, 0x000002d2a34b0908]
Event: 16.519 Thread 0x000002d2b6baff30 5439       2       java.util.ArrayList::add (65 bytes)
Event: 16.520 Thread 0x000002d2b6baff30 nmethod 5439 0x000002d2a33b9210 code [0x000002d2a33b93e0, 0x000002d2a33b9818]
Event: 16.533 Thread 0x000002d2b6baff30 5440       2       java.util.Collections$UnmodifiableSet::<init> (6 bytes)
Event: 16.533 Thread 0x000002d2b6baff30 nmethod 5440 0x000002d2a334e410 code [0x000002d2a334e5c0, 0x000002d2a334e7e8]

GC Heap History (20 events):
Event: 5.095 GC heap before
{Heap before GC invocations=4 (full 0):
 garbage-first heap   total 65536K, used 43363K [0x00000000c1a00000, 0x0000000100000000)
  region size 1024K, 34 young (34816K), 5 survivors (5120K)
 Metaspace       used 21109K, committed 21504K, reserved 1114112K
  class space    used 2625K, committed 2816K, reserved 1048576K
}
Event: 5.112 GC heap after
{Heap after GC invocations=5 (full 0):
 garbage-first heap   total 65536K, used 15732K [0x00000000c1a00000, 0x0000000100000000)
  region size 1024K, 3 young (3072K), 3 survivors (3072K)
 Metaspace       used 21109K, committed 21504K, reserved 1114112K
  class space    used 2625K, committed 2816K, reserved 1048576K
}
Event: 5.129 GC heap before
{Heap before GC invocations=5 (full 0):
 garbage-first heap   total 65536K, used 15732K [0x00000000c1a00000, 0x0000000100000000)
  region size 1024K, 4 young (4096K), 3 survivors (3072K)
 Metaspace       used 21142K, committed 21504K, reserved 1114112K
  class space    used 2631K, committed 2816K, reserved 1048576K
}
Event: 5.137 GC heap after
{Heap after GC invocations=6 (full 0):
 garbage-first heap   total 78848K, used 16265K [0x00000000c1a00000, 0x0000000100000000)
  region size 1024K, 1 young (1024K), 1 survivors (1024K)
 Metaspace       used 21142K, committed 21504K, reserved 1114112K
  class space    used 2631K, committed 2816K, reserved 1048576K
}
Event: 7.422 GC heap before
{Heap before GC invocations=7 (full 0):
 garbage-first heap   total 61440K, used 52105K [0x00000000c1a00000, 0x0000000100000000)
  region size 1024K, 36 young (36864K), 1 survivors (1024K)
 Metaspace       used 26251K, committed 26688K, reserved 1114112K
  class space    used 3445K, committed 3648K, reserved 1048576K
}
Event: 7.434 GC heap after
{Heap after GC invocations=8 (full 0):
 garbage-first heap   total 61440K, used 19051K [0x00000000c1a00000, 0x0000000100000000)
  region size 1024K, 4 young (4096K), 4 survivors (4096K)
 Metaspace       used 26251K, committed 26688K, reserved 1114112K
  class space    used 3445K, committed 3648K, reserved 1048576K
}
Event: 7.470 GC heap before
{Heap before GC invocations=8 (full 0):
 garbage-first heap   total 61440K, used 19051K [0x00000000c1a00000, 0x0000000100000000)
  region size 1024K, 5 young (5120K), 4 survivors (4096K)
 Metaspace       used 26393K, committed 26816K, reserved 1114112K
  class space    used 3481K, committed 3712K, reserved 1048576K
}
Event: 7.478 GC heap after
{Heap after GC invocations=9 (full 0):
 garbage-first heap   total 61440K, used 19229K [0x00000000c1a00000, 0x0000000100000000)
  region size 1024K, 1 young (1024K), 1 survivors (1024K)
 Metaspace       used 26393K, committed 26816K, reserved 1114112K
  class space    used 3481K, committed 3712K, reserved 1048576K
}
Event: 9.373 GC heap before
{Heap before GC invocations=9 (full 0):
 garbage-first heap   total 61440K, used 45853K [0x00000000c1a00000, 0x0000000100000000)
  region size 1024K, 27 young (27648K), 1 survivors (1024K)
 Metaspace       used 32127K, committed 32576K, reserved 1114112K
  class space    used 4184K, committed 4416K, reserved 1048576K
}
Event: 9.378 GC heap after
{Heap after GC invocations=10 (full 0):
 garbage-first heap   total 61440K, used 21172K [0x00000000c1a00000, 0x0000000100000000)
  region size 1024K, 3 young (3072K), 3 survivors (3072K)
 Metaspace       used 32127K, committed 32576K, reserved 1114112K
  class space    used 4184K, committed 4416K, reserved 1048576K
}
Event: 9.971 GC heap before
{Heap before GC invocations=10 (full 0):
 garbage-first heap   total 61440K, used 34484K [0x00000000c1a00000, 0x0000000100000000)
  region size 1024K, 17 young (17408K), 3 survivors (3072K)
 Metaspace       used 35566K, committed 35968K, reserved 1114112K
  class space    used 4716K, committed 4928K, reserved 1048576K
}
Event: 9.976 GC heap after
{Heap after GC invocations=11 (full 0):
 garbage-first heap   total 61440K, used 21931K [0x00000000c1a00000, 0x0000000100000000)
  region size 1024K, 1 young (1024K), 1 survivors (1024K)
 Metaspace       used 35566K, committed 35968K, reserved 1114112K
  class space    used 4716K, committed 4928K, reserved 1048576K
}
Event: 12.229 GC heap before
{Heap before GC invocations=12 (full 0):
 garbage-first heap   total 61440K, used 46507K [0x00000000c1a00000, 0x0000000100000000)
  region size 1024K, 26 young (26624K), 1 survivors (1024K)
 Metaspace       used 45146K, committed 45568K, reserved 1114112K
  class space    used 5979K, committed 6208K, reserved 1048576K
}
Event: 12.235 GC heap after
{Heap after GC invocations=13 (full 0):
 garbage-first heap   total 61440K, used 24427K [0x00000000c1a00000, 0x0000000100000000)
  region size 1024K, 4 young (4096K), 4 survivors (4096K)
 Metaspace       used 45146K, committed 45568K, reserved 1114112K
  class space    used 5979K, committed 6208K, reserved 1048576K
}
Event: 12.296 GC heap before
{Heap before GC invocations=13 (full 0):
 garbage-first heap   total 61440K, used 25451K [0x00000000c1a00000, 0x0000000100000000)
  region size 1024K, 5 young (5120K), 4 survivors (4096K)
 Metaspace       used 45355K, committed 45824K, reserved 1114112K
  class space    used 6005K, committed 6208K, reserved 1048576K
}
Event: 12.301 GC heap after
{Heap after GC invocations=14 (full 0):
 garbage-first heap   total 61440K, used 24609K [0x00000000c1a00000, 0x0000000100000000)
  region size 1024K, 1 young (1024K), 1 survivors (1024K)
 Metaspace       used 45355K, committed 45824K, reserved 1114112K
  class space    used 6005K, committed 6208K, reserved 1048576K
}
Event: 14.259 GC heap before
{Heap before GC invocations=14 (full 0):
 garbage-first heap   total 61440K, used 46113K [0x00000000c1a00000, 0x0000000100000000)
  region size 1024K, 23 young (23552K), 1 survivors (1024K)
 Metaspace       used 50030K, committed 50496K, reserved 1114112K
  class space    used 6614K, committed 6848K, reserved 1048576K
}
Event: 14.264 GC heap after
{Heap after GC invocations=15 (full 0):
 garbage-first heap   total 61440K, used 25582K [0x00000000c1a00000, 0x0000000100000000)
  region size 1024K, 2 young (2048K), 2 survivors (2048K)
 Metaspace       used 50030K, committed 50496K, reserved 1114112K
  class space    used 6614K, committed 6848K, reserved 1048576K
}
Event: 15.772 GC heap before
{Heap before GC invocations=15 (full 0):
 garbage-first heap   total 61440K, used 47086K [0x00000000c1a00000, 0x0000000100000000)
  region size 1024K, 24 young (24576K), 2 survivors (2048K)
 Metaspace       used 56996K, committed 57472K, reserved 1114112K
  class space    used 7744K, committed 7936K, reserved 1048576K
}
Event: 15.779 GC heap after
{Heap after GC invocations=16 (full 0):
 garbage-first heap   total 61440K, used 26320K [0x00000000c1a00000, 0x0000000100000000)
  region size 1024K, 3 young (3072K), 3 survivors (3072K)
 Metaspace       used 56996K, committed 57472K, reserved 1114112K
  class space    used 7744K, committed 7936K, reserved 1048576K
}

Dll operation events (12 events):
Event: 0.041 Loaded shared library C:\Users\User\.jdks\corretto-17.0.15\bin\java.dll
Event: 0.109 Loaded shared library C:\Users\User\.jdks\corretto-17.0.15\bin\jsvml.dll
Event: 0.403 Loaded shared library C:\Users\User\.jdks\corretto-17.0.15\bin\zip.dll
Event: 0.411 Loaded shared library C:\Users\User\.jdks\corretto-17.0.15\bin\instrument.dll
Event: 0.426 Loaded shared library C:\Users\User\.jdks\corretto-17.0.15\bin\net.dll
Event: 0.430 Loaded shared library C:\Users\User\.jdks\corretto-17.0.15\bin\nio.dll
Event: 0.434 Loaded shared library C:\Users\User\.jdks\corretto-17.0.15\bin\zip.dll
Event: 0.635 Loaded shared library C:\Users\User\.jdks\corretto-17.0.15\bin\extnet.dll
Event: 0.807 Loaded shared library C:\Users\User\.jdks\corretto-17.0.15\bin\jimage.dll
Event: 3.379 Loaded shared library C:\Users\User\.jdks\corretto-17.0.15\bin\sunmscapi.dll
Event: 8.333 Loaded shared library C:\Users\User\.jdks\corretto-17.0.15\bin\management.dll
Event: 8.340 Loaded shared library C:\Users\User\.jdks\corretto-17.0.15\bin\management_ext.dll

Deoptimization events (20 events):
Event: 15.525 Thread 0x000002d29b65e800 Uncommon trap: trap_request=0xffffffbe fr.pc=0x000002d2aaef357c relative=0x00000000000005bc
Event: 15.525 Thread 0x000002d29b65e800 Uncommon trap: reason=profile_predicate action=maybe_recompile pc=0x000002d2aaef357c method=java.lang.PublicMethods$MethodList.filter([Ljava/lang/reflect/Method;Ljava/lang/String;[Ljava/lang/Class;Z)Ljava/lang/PublicMethods$MethodList; @ 21 c2
Event: 15.525 Thread 0x000002d29b65e800 DEOPT PACKING pc=0x000002d2aaef357c sp=0x000000fd68bfb140
Event: 15.525 Thread 0x000002d29b65e800 DEOPT UNPACKING pc=0x000002d2aa7269a3 sp=0x000000fd68bfb0f8 mode 2
Event: 15.525 Thread 0x000002d29b65e800 Uncommon trap: trap_request=0xffffffbe fr.pc=0x000002d2aaef357c relative=0x00000000000005bc
Event: 15.525 Thread 0x000002d29b65e800 Uncommon trap: reason=profile_predicate action=maybe_recompile pc=0x000002d2aaef357c method=java.lang.PublicMethods$MethodList.filter([Ljava/lang/reflect/Method;Ljava/lang/String;[Ljava/lang/Class;Z)Ljava/lang/PublicMethods$MethodList; @ 21 c2
Event: 15.525 Thread 0x000002d29b65e800 DEOPT PACKING pc=0x000002d2aaef357c sp=0x000000fd68bfb140
Event: 15.525 Thread 0x000002d29b65e800 DEOPT UNPACKING pc=0x000002d2aa7269a3 sp=0x000000fd68bfb0f8 mode 2
Event: 16.000 Thread 0x000002d29b65e800 Uncommon trap: trap_request=0xfffffff4 fr.pc=0x000002d2aaf0abf8 relative=0x0000000000000178
Event: 16.000 Thread 0x000002d29b65e800 Uncommon trap: reason=null_check action=make_not_entrant pc=0x000002d2aaf0abf8 method=java.lang.reflect.Array.newInstance(Ljava/lang/Class;I)Ljava/lang/Object; @ 2 c2
Event: 16.000 Thread 0x000002d29b65e800 DEOPT PACKING pc=0x000002d2aaf0abf8 sp=0x000000fd68bfdb00
Event: 16.000 Thread 0x000002d29b65e800 DEOPT UNPACKING pc=0x000002d2aa7269a3 sp=0x000000fd68bfda98 mode 2
Event: 16.387 Thread 0x000002d29b65e800 Uncommon trap: trap_request=0xffffff45 fr.pc=0x000002d2aaecb004 relative=0x0000000000005bc4
Event: 16.387 Thread 0x000002d29b65e800 Uncommon trap: reason=unstable_if action=reinterpret pc=0x000002d2aaecb004 method=jdk.internal.loader.BuiltinClassLoader.getAndVerifyPackage(Ljava/lang/String;Ljava/util/jar/Manifest;Ljava/net/URL;)Ljava/lang/Package; @ 64 c2
Event: 16.387 Thread 0x000002d29b65e800 DEOPT PACKING pc=0x000002d2aaecb004 sp=0x000000fd68bfca10
Event: 16.387 Thread 0x000002d29b65e800 DEOPT UNPACKING pc=0x000002d2aa7269a3 sp=0x000000fd68bfc8d8 mode 2
Event: 16.410 Thread 0x000002d29b65e800 Uncommon trap: trap_request=0xffffff45 fr.pc=0x000002d2aae1f8d8 relative=0x00000000000040d8
Event: 16.410 Thread 0x000002d29b65e800 Uncommon trap: reason=unstable_if action=reinterpret pc=0x000002d2aae1f8d8 method=org.springframework.core.annotation.TypeMappedAnnotations$MergedAnnotationFinder.doWithAnnotations(Ljava/lang/Object;ILjava/lang/Object;[Ljava/lang/annotation/Annotation;)Lo
Event: 16.410 Thread 0x000002d29b65e800 DEOPT PACKING pc=0x000002d2aae1f8d8 sp=0x000000fd68bfc8c0
Event: 16.410 Thread 0x000002d29b65e800 DEOPT UNPACKING pc=0x000002d2aa7269a3 sp=0x000000fd68bfc8f0 mode 2

Classes loaded (20 events):
Event: 13.885 Loading class java/util/concurrent/CompletableFuture$AltResult
Event: 13.885 Loading class java/util/concurrent/CompletableFuture$AltResult done
Event: 13.885 Loading class java/util/concurrent/CompletableFuture$Completion
Event: 13.886 Loading class java/util/concurrent/CompletableFuture$AsynchronousCompletionTask
Event: 13.886 Loading class java/util/concurrent/CompletableFuture$AsynchronousCompletionTask done
Event: 13.887 Loading class java/util/concurrent/CompletableFuture$Completion done
Event: 14.289 Loading class java/util/concurrent/CancellationException
Event: 14.289 Loading class java/util/concurrent/CancellationException done
Event: 15.512 Loading class java/util/AbstractList$SubList
Event: 15.512 Loading class java/util/AbstractList$SubList done
Event: 15.537 Loading class java/lang/reflect/AnnotatedArrayType
Event: 15.537 Loading class java/lang/reflect/AnnotatedArrayType done
Event: 15.712 Loading class jdk/internal/reflect/UnsafeObjectFieldAccessorImpl
Event: 15.712 Loading class jdk/internal/reflect/UnsafeObjectFieldAccessorImpl done
Event: 16.348 Loading class javax/naming/Reference
Event: 16.348 Loading class javax/naming/Reference done
Event: 16.432 Loading class java/lang/SafeVarargs
Event: 16.432 Loading class java/lang/SafeVarargs done
Event: 16.442 Loading class sun/reflect/generics/reflectiveObjects/GenericArrayTypeImpl
Event: 16.443 Loading class sun/reflect/generics/reflectiveObjects/GenericArrayTypeImpl done

Classes unloaded (0 events):
No events

Classes redefined (0 events):
No events

Internal exceptions (20 events):
Event: 10.923 Thread 0x000002d29b65e800 Exception <a 'sun/nio/fs/WindowsException'{0x00000000c419eab0}> (0x00000000c419eab0) 
thrown [s\src\hotspot\share\prims\jni.cpp, line 516]
Event: 10.954 Thread 0x000002d29b65e800 Exception <a 'java/lang/NoSuchMethodError'{0x00000000c41bf4e0}: 'int java.lang.invoke.DirectMethodHandle$Holder.invokeStaticInit(java.lang.Object, java.lang.Object, java.lang.Object, java.lang.Object)'> (0x00000000c41bf4e0) 
thrown [s\src\hotspot\share\interpreter\linkResolver.cpp, line 759]
Event: 12.446 Thread 0x000002d29b65e800 Exception <a 'java/lang/NoSuchMethodError'{0x00000000c52d85d8}: 'java.lang.Object java.lang.invoke.DirectMethodHandle$Holder.invokeSpecial(java.lang.Object, java.lang.Object, long, java.lang.Object, java.lang.Object, java.lang.Object, java.lang.Object, java.lang.Object, java.lang.Object, java.lang.Object)'> (0x00000000c52d85d8) 
thrown [s\src\hotspot\share\interpreter\linkResolver.cpp, line 759]
Event: 12.447 Thread 0x000002d29b65e800 Exception <a 'java/lang/NoSuchMethodError'{0x00000000c52dd390}: 'java.lang.Object java.lang.invoke.DelegatingMethodHandle$Holder.reinvoke_L(java.lang.Object, long, java.lang.Object, java.lang.Object, java.lang.Object, java.lang.Object, java.lang.Object, java.lang.Object, java.lang.Object)'> (0x00000000c52dd390) 
thrown [s\src\hotspot\share\interpreter\linkResolver.cpp, line 759]
Event: 12.450 Thread 0x000002d29b65e800 Exception <a 'java/lang/NoSuchMethodError'{0x00000000c52f4708}: 'java.lang.Object java.lang.invoke.Invokers$Holder.linkToTargetMethod(java.lang.Object, java.lang.Object, java.lang.Object, java.lang.Object, java.lang.Object, java.lang.Object, java.lang.Object, java.lang.Object)'> (0x00000000c52f4708) 
thrown [s\src\hotspot\share\interpreter\linkResolver.cpp, line 759]
Event: 14.314 Thread 0x000002d29b65e800 Exception <a 'java/lang/IncompatibleClassChangeError'{0x00000000c669db80}: Found class java.lang.Object, but interface was expected> (0x00000000c669db80) 
thrown [s\src\hotspot\share\interpreter\linkResolver.cpp, line 826]
Event: 14.368 Thread 0x000002d29b65e800 Exception <a 'java/lang/NoSuchMethodError'{0x00000000c587a3a8}: 'java.lang.Object java.lang.invoke.DirectMethodHandle$Holder.invokeStatic(java.lang.Object, java.lang.Object, int, java.lang.Object)'> (0x00000000c587a3a8) 
thrown [s\src\hotspot\share\interpreter\linkResolver.cpp, line 759]
Event: 14.369 Thread 0x000002d29b65e800 Exception <a 'java/lang/NoSuchMethodError'{0x00000000c587de40}: 'java.lang.Object java.lang.invoke.DirectMethodHandle$Holder.invokeStaticInit(java.lang.Object, java.lang.Object, int, java.lang.Object)'> (0x00000000c587de40) 
thrown [s\src\hotspot\share\interpreter\linkResolver.cpp, line 759]
Event: 15.737 Thread 0x000002d29b65e800 Exception <a 'java/lang/NoSuchMethodError'{0x00000000c401d578}: 'void java.lang.invoke.DirectMethodHandle$Holder.invokeInterface(java.lang.Object, java.lang.Object, int, java.lang.Object)'> (0x00000000c401d578) 
thrown [s\src\hotspot\share\interpreter\linkResolver.cpp, line 759]
Event: 15.744 Thread 0x000002d29b65e800 Exception <a 'java/lang/NoSuchMethodError'{0x00000000c40457c0}: 'java.lang.Object java.lang.invoke.DirectMethodHandle$Holder.newInvokeSpecial(java.lang.Object, java.lang.Object, int, java.lang.Object)'> (0x00000000c40457c0) 
thrown [s\src\hotspot\share\interpreter\linkResolver.cpp, line 759]
Event: 15.807 Thread 0x000002d29b65e800 Exception <a 'java/lang/NoSuchMethodError'{0x00000000c666ac58}: 'void java.lang.invoke.DirectMethodHandle$Holder.invokeSpecial(java.lang.Object, java.lang.Object, int, java.lang.Object)'> (0x00000000c666ac58) 
thrown [s\src\hotspot\share\interpreter\linkResolver.cpp, line 759]
Event: 15.808 Thread 0x000002d29b65e800 Exception <a 'java/lang/NoSuchMethodError'{0x00000000c6671b60}: 'java.lang.Object java.lang.invoke.DirectMethodHandle$Holder.newInvokeSpecial(java.lang.Object, java.lang.Object, int)'> (0x00000000c6671b60) 
thrown [s\src\hotspot\share\interpreter\linkResolver.cpp, line 759]
Event: 15.866 Thread 0x000002d29b65e800 Exception <a 'java/lang/NoSuchMethodError'{0x00000000c58dfad0}: 'int java.lang.invoke.DirectMethodHandle$Holder.invokeStatic(java.lang.Object, int, java.lang.Object)'> (0x00000000c58dfad0) 
thrown [s\src\hotspot\share\interpreter\linkResolver.cpp, line 759]
Event: 15.871 Thread 0x000002d29b65e800 Exception <a 'java/lang/NoSuchMethodError'{0x00000000c5300c40}: 'java.lang.Object java.lang.invoke.DirectMethodHandle$Holder.newInvokeSpecial(java.lang.Object, java.lang.Object, java.lang.Object, java.lang.Object, java.lang.Object, int, java.lang.Object)'> (0x00000000c5300c40) 
thrown [s\src\hotspot\share\interpreter\linkResolver.cpp, line 759]
Event: 15.880 Thread 0x000002d29b65e800 Exception <a 'java/lang/NoSuchMethodError'{0x00000000c53394c0}: 'java.lang.Object java.lang.invoke.DirectMethodHandle$Holder.newInvokeSpecial(java.lang.Object, java.lang.Object, java.lang.Object, java.lang.Object, java.lang.Object, java.lang.Object, java.lang.Object, java.lang.Object, java.lang.Object, java.lang.Object, java.lang.Object, java.lang.Object)'> (0x00000000c53394c0) 
thrown [s\src\hotspot\share\interpreter\linkResolver.cpp, line 759]
Event: 15.880 Thread 0x000002d29b65e800 Exception <a 'java/lang/NoSuchMethodError'{0x00000000c533e3b8}: 'java.lang.Object java.lang.invoke.DirectMethodHandle$Holder.invokeSpecial(java.lang.Object, java.lang.Object, java.lang.Object, java.lang.Object, java.lang.Object, java.lang.Object, java.lang.Object, java.lang.Object, java.lang.Object, java.lang.Object, java.lang.Object, java.lang.Object, java.lang.Object)'> (0x00000000c533e3b8) 
thrown [s\src\hotspot\share\interpreter\linkResolver.cpp, line 759]
Event: 15.881 Thread 0x000002d29b65e800 Exception <a 'java/lang/NoSuchMethodError'{0x00000000c5342e90}: 'java.lang.Object java.lang.invoke.Invokers$Holder.linkToTargetMethod(java.lang.Object, java.lang.Object, java.lang.Object, java.lang.Object, java.lang.Object, java.lang.Object, java.lang.Object, java.lang.Object, java.lang.Object, java.lang.Object, java.lang.Object, java.lang.Object)'> (0x00000000c5342e90) 
thrown [s\src\hotspot\share\interpreter\linkResolver.cpp, line 759]
Event: 15.956 Thread 0x000002d29b65e800 Exception <a 'java/lang/IncompatibleClassChangeError'{0x00000000c52d9340}: Found class java.lang.Object, but interface was expected> (0x00000000c52d9340) 
thrown [s\src\hotspot\share\interpreter\linkResolver.cpp, line 826]
Event: 16.000 Thread 0x000002d29b65e800 Implicit null exception at 0x000002d2aaf0aa93 to 0x000002d2aaf0abe4
Event: 16.536 Thread 0x000002d29b65e800 Exception <a 'java/lang/IncompatibleClassChangeError'{0x00000000c4888590}: Found class java.lang.Object, but interface was expected> (0x00000000c4888590) 
thrown [s\src\hotspot\share\interpreter\linkResolver.cpp, line 826]

VM Operations (20 events):
Event: 13.305 Executing VM operation: Cleanup
Event: 13.305 Executing VM operation: Cleanup done
Event: 14.259 Executing VM operation: G1CollectForAllocation
Event: 14.264 Executing VM operation: G1CollectForAllocation done
Event: 15.266 Executing VM operation: HandshakeAllThreads
Event: 15.266 Executing VM operation: HandshakeAllThreads done
Event: 15.266 Executing VM operation: Cleanup
Event: 15.266 Executing VM operation: Cleanup done
Event: 15.343 Executing VM operation: HandshakeAllThreads
Event: 15.343 Executing VM operation: HandshakeAllThreads done
Event: 15.772 Executing VM operation: G1CollectForAllocation
Event: 15.780 Executing VM operation: G1CollectForAllocation done
Event: 16.290 Executing VM operation: HandshakeAllThreads
Event: 16.290 Executing VM operation: HandshakeAllThreads done
Event: 16.387 Executing VM operation: HandshakeAllThreads
Event: 16.387 Executing VM operation: HandshakeAllThreads done
Event: 16.410 Executing VM operation: HandshakeAllThreads
Event: 16.411 Executing VM operation: HandshakeAllThreads done
Event: 16.438 Executing VM operation: HandshakeAllThreads
Event: 16.439 Executing VM operation: HandshakeAllThreads done

Memory protections (0 events):
No events

Nmethod flushes (20 events):
Event: 16.447 Thread 0x000002d2b6bd3930 flushing  nmethod 0x000002d2a3a4d190
Event: 16.447 Thread 0x000002d2b6bd3930 flushing  nmethod 0x000002d2a3a51490
Event: 16.447 Thread 0x000002d2b6bd3930 flushing  nmethod 0x000002d2a3a51810
Event: 16.447 Thread 0x000002d2b6bd3930 flushing  nmethod 0x000002d2a3a52090
Event: 16.447 Thread 0x000002d2b6bd3930 flushing  nmethod 0x000002d2a3a52c10
Event: 16.447 Thread 0x000002d2b6bd3930 flushing  nmethod 0x000002d2a3a53010
Event: 16.447 Thread 0x000002d2b6bd3930 flushing  nmethod 0x000002d2a3a59690
Event: 16.447 Thread 0x000002d2b6bd3930 flushing  nmethod 0x000002d2a3a5a310
Event: 16.447 Thread 0x000002d2b6bd3930 flushing  nmethod 0x000002d2a3a65110
Event: 16.447 Thread 0x000002d2b6bd3930 flushing  nmethod 0x000002d2a3a67010
Event: 16.447 Thread 0x000002d2b6bd3930 flushing  nmethod 0x000002d2a3a67b10
Event: 16.447 Thread 0x000002d2b6bd3930 flushing  nmethod 0x000002d2a3a76c10
Event: 16.447 Thread 0x000002d2b6bd3930 flushing  nmethod 0x000002d2a3a77290
Event: 16.447 Thread 0x000002d2b6bd3930 flushing osr nmethod 0x000002d2a3a7bf10
Event: 16.447 Thread 0x000002d2b6bd3930 flushing  nmethod 0x000002d2a3adc490
Event: 16.448 Thread 0x000002d2b6bd3930 flushing  nmethod 0x000002d2a3b07390
Event: 16.448 Thread 0x000002d2b6bd3930 flushing  nmethod 0x000002d2a3b71290
Event: 16.448 Thread 0x000002d2b6bd3930 flushing  nmethod 0x000002d2a3b7b610
Event: 16.448 Thread 0x000002d2b6bd3930 flushing  nmethod 0x000002d2a3be4f90
Event: 16.448 Thread 0x000002d2b6bd3930 flushing  nmethod 0x000002d2a3be5a90

Events (20 events):
Event: 0.138 Thread 0x000002d29b65e800 Thread added: 0x000002d2b6b4f450
Event: 0.138 Thread 0x000002d29b65e800 Thread added: 0x000002d2b6b510f0
Event: 0.138 Thread 0x000002d29b65e800 Thread added: 0x000002d2b6b53c90
Event: 0.138 Thread 0x000002d29b65e800 Thread added: 0x000002d2b6b54650
Event: 0.138 Thread 0x000002d29b65e800 Thread added: 0x000002d2b6b553f0
Event: 0.147 Thread 0x000002d29b65e800 Thread added: 0x000002d2b6baff30
Event: 0.148 Thread 0x000002d29b65e800 Thread added: 0x000002d2b6bd3930
Event: 0.347 Thread 0x000002d29b65e800 Thread added: 0x000002d29b7093e0
Event: 0.613 Thread 0x000002d29b65e800 Thread added: 0x000002d2fc3956d0
Event: 0.613 Thread 0x000002d29b65e800 Thread added: 0x000002d2fc1b7fe0
Event: 2.471 Thread 0x000002d29b65e800 Thread added: 0x000002d2fcec95d0
Event: 3.420 Thread 0x000002d2fcec95d0 Thread exited: 0x000002d2fcec95d0
Event: 3.430 Thread 0x000002d29b65e800 Thread added: 0x000002d2fd2921e0
Event: 3.558 Thread 0x000002d2fd2921e0 Thread exited: 0x000002d2fd2921e0
Event: 8.846 Thread 0x000002d29b65e800 Thread added: 0x000002d2fd2921e0
Event: 8.862 Thread 0x000002d2fd2921e0 Thread added: 0x000002d2fd294f70
Event: 8.862 Thread 0x000002d29b65e800 Thread added: 0x000002d2fd293620
Event: 8.973 Thread 0x000002d29b65e800 Thread added: 0x000002d2fd294040
Event: 11.902 Thread 0x000002d29b65e800 Thread added: 0x000002d2fd294550
Event: 12.072 Thread 0x000002d2fd294550 Thread added: 0x000002d2fd295480


Dynamic libraries:
0x00007ff6d22c0000 - 0x00007ff6d22ce000 	C:\Users\User\.jdks\corretto-17.0.15\bin\java.exe
0x00007ffee8ed0000 - 0x00007ffee90c8000 	C:\Windows\SYSTEM32\ntdll.dll
0x00007ffebe560000 - 0x00007ffebe580000 	C:\Program Files\Avast Software\Avast\aswhook.dll
0x00007ffee8c20000 - 0x00007ffee8ce2000 	C:\Windows\System32\KERNEL32.DLL
0x00007ffee6980000 - 0x00007ffee6c76000 	C:\Windows\System32\KERNELBASE.dll
0x00007ffee6560000 - 0x00007ffee6660000 	C:\Windows\System32\ucrtbase.dll
0x00007ffedea90000 - 0x00007ffedeaa7000 	C:\Users\User\.jdks\corretto-17.0.15\bin\jli.dll
0x00007ffee89b0000 - 0x00007ffee8b51000 	C:\Windows\System32\USER32.dll
0x00007ffee6db0000 - 0x00007ffee6dd2000 	C:\Windows\System32\win32u.dll
0x00007ffedea50000 - 0x00007ffedea6b000 	C:\Users\User\.jdks\corretto-17.0.15\bin\VCRUNTIME140.dll
0x00007ffee8110000 - 0x00007ffee813b000 	C:\Windows\System32\GDI32.dll
0x00007ffece060000 - 0x00007ffece2fb000 	C:\Windows\WinSxS\amd64_microsoft.windows.common-controls_6595b64144ccf1df_6.0.19041.6456_none_60b8a6cb71f64256\COMCTL32.dll
0x00007ffee6660000 - 0x00007ffee6779000 	C:\Windows\System32\gdi32full.dll
0x00007ffee6780000 - 0x00007ffee681d000 	C:\Windows\System32\msvcp_win.dll
0x00007ffee7850000 - 0x00007ffee78ee000 	C:\Windows\System32\msvcrt.dll
0x00007ffee8980000 - 0x00007ffee89af000 	C:\Windows\System32\IMM32.DLL
0x00007ffedea80000 - 0x00007ffedea8c000 	C:\Users\User\.jdks\corretto-17.0.15\bin\vcruntime140_1.dll
0x00007ffec5c50000 - 0x00007ffec5cdd000 	C:\Users\User\.jdks\corretto-17.0.15\bin\msvcp140.dll
0x00007ffe9a600000 - 0x00007ffe9b26c000 	C:\Users\User\.jdks\corretto-17.0.15\bin\server\jvm.dll
0x00007ffee7450000 - 0x00007ffee7501000 	C:\Windows\System32\ADVAPI32.dll
0x00007ffee7910000 - 0x00007ffee79af000 	C:\Windows\System32\sechost.dll
0x00007ffee8cf0000 - 0x00007ffee8e10000 	C:\Windows\System32\RPCRT4.dll
0x00007ffee6e30000 - 0x00007ffee6e57000 	C:\Windows\System32\bcrypt.dll
0x00007ffee77e0000 - 0x00007ffee784b000 	C:\Windows\System32\WS2_32.dll
0x00007ffee63c0000 - 0x00007ffee640b000 	C:\Windows\SYSTEM32\POWRPROF.dll
0x00007ffece430000 - 0x00007ffece457000 	C:\Windows\SYSTEM32\WINMM.dll
0x00007ffee11b0000 - 0x00007ffee11ba000 	C:\Windows\SYSTEM32\VERSION.dll
0x00007ffee63a0000 - 0x00007ffee63b2000 	C:\Windows\SYSTEM32\UMPDC.dll
0x00007ffee43b0000 - 0x00007ffee43c2000 	C:\Windows\SYSTEM32\kernel.appcore.dll
0x00007ffede6d0000 - 0x00007ffede6da000 	C:\Users\User\.jdks\corretto-17.0.15\bin\jimage.dll
0x00007ffee0170000 - 0x00007ffee0371000 	C:\Windows\SYSTEM32\DBGHELP.DLL
0x00007ffee0030000 - 0x00007ffee0064000 	C:\Windows\SYSTEM32\dbgcore.DLL
0x00007ffee6e60000 - 0x00007ffee6ee2000 	C:\Windows\System32\bcryptPrimitives.dll
0x00007ffee0950000 - 0x00007ffee095e000 	C:\Users\User\.jdks\corretto-17.0.15\bin\instrument.dll
0x00007ffede000000 - 0x00007ffede025000 	C:\Users\User\.jdks\corretto-17.0.15\bin\java.dll
0x00007ffec5b70000 - 0x00007ffec5c47000 	C:\Users\User\.jdks\corretto-17.0.15\bin\jsvml.dll
0x00007ffee8140000 - 0x00007ffee88b0000 	C:\Windows\System32\SHELL32.dll
0x00007ffee45b0000 - 0x00007ffee4d55000 	C:\Windows\SYSTEM32\windows.storage.dll
0x00007ffee7cf0000 - 0x00007ffee8044000 	C:\Windows\System32\combase.dll
0x00007ffee5dd0000 - 0x00007ffee5dfb000 	C:\Windows\SYSTEM32\Wldp.dll
0x00007ffee88b0000 - 0x00007ffee897d000 	C:\Windows\System32\OLEAUT32.dll
0x00007ffee8b70000 - 0x00007ffee8c1d000 	C:\Windows\System32\SHCORE.dll
0x00007ffee8050000 - 0x00007ffee80ab000 	C:\Windows\System32\shlwapi.dll
0x00007ffee6490000 - 0x00007ffee64b4000 	C:\Windows\SYSTEM32\profapi.dll
0x00007ffed1d70000 - 0x00007ffed1d88000 	C:\Users\User\.jdks\corretto-17.0.15\bin\zip.dll
0x00007ffeddfe0000 - 0x00007ffeddff9000 	C:\Users\User\.jdks\corretto-17.0.15\bin\net.dll
0x00007ffedf220000 - 0x00007ffedf32a000 	C:\Windows\SYSTEM32\WINHTTP.dll
0x00007ffee5bb0000 - 0x00007ffee5c1a000 	C:\Windows\system32\mswsock.dll
0x00007ffed1d90000 - 0x00007ffed1da6000 	C:\Users\User\.jdks\corretto-17.0.15\bin\nio.dll
0x00007ffedde00000 - 0x00007ffedde09000 	C:\Users\User\.jdks\corretto-17.0.15\bin\extnet.dll
0x00007ffed18f0000 - 0x00007ffed18fe000 	C:\Users\User\.jdks\corretto-17.0.15\bin\sunmscapi.dll
0x00007ffee6820000 - 0x00007ffee697d000 	C:\Windows\System32\CRYPT32.dll
0x00007ffee5f20000 - 0x00007ffee5f47000 	C:\Windows\SYSTEM32\ncrypt.dll
0x00007ffee5ee0000 - 0x00007ffee5f1b000 	C:\Windows\SYSTEM32\NTASN1.dll
0x00007ffee5e10000 - 0x00007ffee5e28000 	C:\Windows\SYSTEM32\CRYPTSP.dll
0x00007ffee54f0000 - 0x00007ffee5528000 	C:\Windows\system32\rsaenh.dll
0x00007ffee6450000 - 0x00007ffee647e000 	C:\Windows\SYSTEM32\USERENV.dll
0x00007ffee5d40000 - 0x00007ffee5d4c000 	C:\Windows\SYSTEM32\CRYPTBASE.dll
0x00007ffee58b0000 - 0x00007ffee58eb000 	C:\Windows\SYSTEM32\IPHLPAPI.DLL
0x00007ffee79b0000 - 0x00007ffee79b8000 	C:\Windows\System32\NSI.dll
0x00007ffedfef0000 - 0x00007ffedff07000 	C:\Windows\SYSTEM32\dhcpcsvc6.DLL
0x00007ffee04b0000 - 0x00007ffee04cd000 	C:\Windows\SYSTEM32\dhcpcsvc.DLL
0x00007ffee58f0000 - 0x00007ffee59ba000 	C:\Windows\SYSTEM32\DNSAPI.dll
0x00007ffeddfd0000 - 0x00007ffeddfd9000 	C:\Users\User\.jdks\corretto-17.0.15\bin\management.dll
0x00007ffeddb70000 - 0x00007ffeddb7b000 	C:\Users\User\.jdks\corretto-17.0.15\bin\management_ext.dll
0x00007ffee7bb0000 - 0x00007ffee7bb8000 	C:\Windows\System32\PSAPI.DLL
0x00007ffed92d0000 - 0x00007ffed92da000 	C:\Windows\System32\rasadhlp.dll
0x00007ffed97e0000 - 0x00007ffed9860000 	C:\Windows\System32\fwpuclnt.dll

dbghelp: loaded successfully - version: 4.0.5 - missing functions: none
symbol engine: initialized successfully - sym options: 0x614 - pdb path: .;C:\Users\User\.jdks\corretto-17.0.15\bin;C:\Windows\SYSTEM32;C:\Program Files\Avast Software\Avast;C:\Windows\WinSxS\amd64_microsoft.windows.common-controls_6595b64144ccf1df_6.0.19041.6456_none_60b8a6cb71f64256;C:\Users\User\.jdks\corretto-17.0.15\bin\server

VM Arguments:
jvm_args: -javaagent:C:\Program Files\JetBrains\IntelliJ IDEA Community Edition 2025.1.2\lib\idea_rt.jar=61357 -Dfile.encoding=UTF-8 
java_command: com.blogApp.blog_app_new.BlogAppNewApplication
java_class_path (initial): D:\Java_Workspace\blog_app_new\target\classes;C:\Users\User\.m2\repository\org\springframework\boot\spring-boot-starter-actuator\3.5.11\spring-boot-starter-actuator-3.5.11.jar;C:\Users\User\.m2\repository\org\springframework\boot\spring-boot-starter\3.5.11\spring-boot-starter-3.5.11.jar;C:\Users\User\.m2\repository\org\springframework\boot\spring-boot\3.5.11\spring-boot-3.5.11.jar;C:\Users\User\.m2\repository\org\springframework\boot\spring-boot-autoconfigure\3.5.11\spring-boot-autoconfigure-3.5.11.jar;C:\Users\User\.m2\repository\org\springframework\boot\spring-boot-starter-logging\3.5.11\spring-boot-starter-logging-3.5.11.jar;C:\Users\User\.m2\repository\ch\qos\logback\logback-classic\1.5.32\logback-classic-1.5.32.jar;C:\Users\User\.m2\repository\ch\qos\logback\logback-core\1.5.32\logback-core-1.5.32.jar;C:\Users\User\.m2\repository\org\apache\logging\log4j\log4j-to-slf4j\2.24.3\log4j-to-slf4j-2.24.3.jar;C:\Users\User\.m2\repository\org\apache\logging\log4j\log4j-api\2.24.3\log4j-api-2.24.3.jar;C:\Users\User\.m2\repository\org\slf4j\jul-to-slf4j\2.0.17\jul-to-slf4j-2.0.17.jar;C:\Users\User\.m2\repository\jakarta\annotation\jakarta.annotation-api\2.1.1\jakarta.annotation-api-2.1.1.jar;C:\Users\User\.m2\repository\org\yaml\snakeyaml\2.4\snakeyaml-2.4.jar;C:\Users\User\.m2\repository\org\springframework\boot\spring-boot-actuator-autoconfigure\3.5.11\spring-boot-actuator-autoconfigure-3.5.11.jar;C:\Users\User\.m2\repository\org\springframework\boot\spring-boot-actuator\3.5.11\spring-boot-actuator-3.5.11.jar;C:\Users\User\.m2\repository\com\fasterxml\jackson\core\jackson-databind\2.19.4\jackson-databind-2.19.4.jar;C:\Users\User\.m2\repository\com\fasterxml\jackson\core\jackson-annotations\2.19.4\jackson-annotations-2.19.4.jar;C:\Users\User\.m2\repository\com\fasterxml\jackson\core\jackson-core\2.19.4\jackson-core-2.19.4.jar;C:\Users\User\.m2\repository\com\fasterxml\jackson\datatype\jackson-datatype-jsr310\2.19.4\jackson-datatype-jsr310-2.1
Launcher Type: SUN_STANDARD

[Global flags]
     intx CICompilerCount                          = 3                                         {product} {ergonomic}
     uint ConcGCThreads                            = 1                                         {product} {ergonomic}
     uint G1ConcRefinementThreads                  = 4                                         {product} {ergonomic}
   size_t G1HeapRegionSize                         = 1048576                                   {product} {ergonomic}
    uintx GCDrainStackTargetSize                   = 64                                        {product} {ergonomic}
   size_t InitialHeapSize                          = 67108864                                  {product} {ergonomic}
   size_t MarkStackSize                            = 4194304                                   {product} {ergonomic}
   size_t MaxHeapSize                              = 1046478848                                {product} {ergonomic}
   size_t MaxNewSize                               = 627048448                                 {product} {ergonomic}
   size_t MinHeapDeltaBytes                        = 1048576                                   {product} {ergonomic}
   size_t MinHeapSize                              = 8388608                                   {product} {ergonomic}
    uintx NonNMethodCodeHeapSize                   = 5832780                                {pd product} {ergonomic}
    uintx NonProfiledCodeHeapSize                  = 122912730                              {pd product} {ergonomic}
    uintx ProfiledCodeHeapSize                     = 122912730                              {pd product} {ergonomic}
    uintx ReservedCodeCacheSize                    = 251658240                              {pd product} {ergonomic}
     bool SegmentedCodeCache                       = true                                      {product} {ergonomic}
   size_t SoftMaxHeapSize                          = 1046478848                             {manageable} {ergonomic}
     bool UseCompressedClassPointers               = true                           {product lp64_product} {ergonomic}
     bool UseCompressedOops                        = true                           {product lp64_product} {ergonomic}
     bool UseG1GC                                  = true                                      {product} {ergonomic}
     bool UseLargePagesIndividualAllocation        = false                                  {pd product} {ergonomic}

Logging:
Log output configuration:
 #0: stdout all=warning uptime,level,tags
 #1: stderr all=off uptime,level,tags

Environment Variables:
JAVA_HOME=C:\Program Files\Java\jdk-17
PATH=C:\Program Files\Common Files\Oracle\Java\javapath;C:\Windows\system32;C:\Windows;C:\Windows\System32\Wbem;C:\Windows\System32\WindowsPowerShell\v1.0\;C:\Windows\System32\OpenSSH\;C:\Program Files\Git\cmd;C:\Program Files\Java\jdk-17\bin;;C:\Program Files\Docker\Docker\resources\bin;C:\Program Files\dotnet\;C:\Program Files\MySQL\MySQL Shell 8.0\bin\;C:\Users\User\AppData\Local\Microsoft\WindowsApps;C:\Users\User\AppData\Local\Programs\Microsoft VS Code\bin;C:\Program Files\Java\jdk-17\bin;C:\Windows\System32\cmd.exe;;C:\Program Files\JetBrains\IntelliJ IDEA Community Edition 2025.1.2\bin;
USERNAME=User
OS=Windows_NT
PROCESSOR_IDENTIFIER=Intel64 Family 6 Model 58 Stepping 9, GenuineIntel
TMP=C:\Users\User\AppData\Local\Temp
TEMP=C:\Users\User\AppData\Local\Temp



Periodic native trim disabled


---------------  S Y S T E M  ---------------

OS:
 Windows 10 , 64 bit Build 19041 (10.0.19041.5915)
OS uptime: 0 days 23:01 hours
Hyper-V role detected

CPU: total 4 (initial active 4) (2 cores per cpu, 2 threads per core) family 6 model 58 stepping 9 microcode 0x21, cx8, cmov, fxsr, ht, mmx, sse, sse2, sse3, ssse3, sse4.1, sse4.2, popcnt, tsc, tscinvbit, avx, erms, clmul, vzeroupper, clflush, hv
Processor Information for all 4 processors :
  Max Mhz: 3400, Current Mhz: 3400, Mhz Limit: 3400

Memory: 4k page, system-wide physical 3989M (174M free)
TotalPageFile size 16277M (AvailPageFile size 0M)
current process WorkingSet (physical memory assigned to process): 198M, peak: 202M
current process commit charge ("private bytes"): 247M, peak: 249M

vm_info: OpenJDK 64-Bit Server VM (17.0.15+6-LTS) for windows-amd64 JRE (17.0.15+6-LTS), built on Apr  9 2025 23:33:55 by "Administrator" with MS VC++ 16.10 / 16.11 (VS2019)

END.
